

Started GET "/" for ::1 at 2015-09-19 00:28:31 -0400
Processing by Rails::WelcomeController#index as HTML
  Rendered /Users/Colin/.rbenv/versions/2.2.2/lib/ruby/gems/2.2.0/gems/railties-4.2.3/lib/rails/templates/rails/welcome/index.html.erb (2.0ms)
Completed 200 OK in 35ms (Views: 11.0ms | ActiveRecord: 0.0ms)


Started GET "/" for ::1 at 2015-09-19 00:28:31 -0400
Processing by Rails::WelcomeController#index as HTML
  Rendered /Users/Colin/.rbenv/versions/2.2.2/lib/ruby/gems/2.2.0/gems/railties-4.2.3/lib/rails/templates/rails/welcome/index.html.erb (0.0ms)
Completed 200 OK in 3ms (Views: 2.9ms | ActiveRecord: 0.0ms)
  [1m[36m (1.0ms)[0m  [1mCREATE TABLE "schema_migrations" ("version" varchar NOT NULL) [0m
  [1m[35m (0.1ms)[0m  select sqlite_version(*)
  [1m[36m (1.3ms)[0m  [1mCREATE UNIQUE INDEX "unique_schema_migrations" ON "schema_migrations" ("version")[0m
  [1m[35mActiveRecord::SchemaMigration Load (0.1ms)[0m  SELECT "schema_migrations".* FROM "schema_migrations"
Migrating to DeviseCreateUsers (20150919052141)
  [1m[36m (0.1ms)[0m  [1mbegin transaction[0m
  [1m[35m (0.5ms)[0m  CREATE TABLE "users" ("id" INTEGER PRIMARY KEY AUTOINCREMENT NOT NULL, "email" varchar DEFAULT '' NOT NULL, "encrypted_password" varchar DEFAULT '' NOT NULL, "reset_password_token" varchar, "reset_password_sent_at" datetime, "remember_created_at" datetime, "sign_in_count" integer DEFAULT 0 NOT NULL, "current_sign_in_at" datetime, "last_sign_in_at" datetime, "current_sign_in_ip" varchar, "last_sign_in_ip" varchar, "created_at" datetime NOT NULL, "updated_at" datetime NOT NULL) 
  [1m[36m (0.3ms)[0m  [1mCREATE UNIQUE INDEX "index_users_on_email" ON "users" ("email")[0m
  [1m[35m (0.1ms)[0m              SELECT sql
            FROM sqlite_master
            WHERE name='index_users_on_email' AND type='index'
            UNION ALL
            SELECT sql
            FROM sqlite_temp_master
            WHERE name='index_users_on_email' AND type='index'

  [1m[36m (0.1ms)[0m  [1mCREATE UNIQUE INDEX "index_users_on_reset_password_token" ON "users" ("reset_password_token")[0m
  [1m[35mSQL (0.1ms)[0m  INSERT INTO "schema_migrations" ("version") VALUES (?)  [["version", "20150919052141"]]
  [1m[36m (1.1ms)[0m  [1mcommit transaction[0m
  [1m[35mActiveRecord::SchemaMigration Load (0.1ms)[0m  SELECT "schema_migrations".* FROM "schema_migrations"
  [1m[36m (0.1ms)[0m  [1m            SELECT sql
            FROM sqlite_master
            WHERE name='index_users_on_reset_password_token' AND type='index'
            UNION ALL
            SELECT sql
            FROM sqlite_temp_master
            WHERE name='index_users_on_reset_password_token' AND type='index'
[0m
  [1m[35m (0.1ms)[0m              SELECT sql
            FROM sqlite_master
            WHERE name='index_users_on_email' AND type='index'
            UNION ALL
            SELECT sql
            FROM sqlite_temp_master
            WHERE name='index_users_on_email' AND type='index'



Started GET "/users/sign_up" for ::1 at 2015-09-19 01:22:26 -0400
  [1m[36mActiveRecord::SchemaMigration Load (0.1ms)[0m  [1mSELECT "schema_migrations".* FROM "schema_migrations"[0m
Processing by Devise::RegistrationsController#new as HTML
  Rendered /Users/Pavi/.rvm/gems/ruby-2.2.1/gems/devise-3.5.2/app/views/devise/shared/_links.html.erb (1.1ms)
  Rendered /Users/Pavi/.rvm/gems/ruby-2.2.1/gems/devise-3.5.2/app/views/devise/registrations/new.html.erb within layouts/application (34.1ms)
Completed 200 OK in 1344ms (Views: 1323.4ms | ActiveRecord: 0.3ms)


Started GET "/assets/welcome.self-e3b0c44298fc1c149afbf4c8996fb92427ae41e4649b934ca495991b7852b855.css?body=1" for ::1 at 2015-09-19 01:22:27 -0400


Started GET "/assets/application.self-e80e8f2318043e8af94dddc2adad5a4f09739a8ebb323b3ab31cd71d45fd9113.css?body=1" for ::1 at 2015-09-19 01:22:27 -0400


Started GET "/assets/jquery_ujs.self-d456baa54c1fa6be2ec3711f0a72ddf7a5b2f34a6b4f515f33767d6207b7d4b3.js?body=1" for ::1 at 2015-09-19 01:22:27 -0400


Started GET "/assets/jquery.self-a714331225dda820228db323939889f149aec0127aeb06255646b616ba1ca419.js?body=1" for ::1 at 2015-09-19 01:22:27 -0400


Started GET "/assets/application.self-3b8dabdc891efe46b9a144b400ad69e37d7e5876bdc39dee783419a69d7ca819.js?body=1" for ::1 at 2015-09-19 01:22:27 -0400


Started GET "/assets/turbolinks.self-c37727e9bd6b2735da5c311aa83fead54ed0be6cc8bd9a65309e9c5abe2cbfff.js?body=1" for ::1 at 2015-09-19 01:22:27 -0400


Started GET "/assets/welcome.self-877aef30ae1b040ab8a3aba4e3e309a11d7f2612f44dde450b5c157aa5f95c05.js?body=1" for ::1 at 2015-09-19 01:22:27 -0400


Started GET "/users/sign_up" for ::1 at 2015-09-19 01:23:43 -0400
Processing by Devise::RegistrationsController#new as HTML
  Rendered /Users/Pavi/.rvm/gems/ruby-2.2.1/gems/devise-3.5.2/app/views/devise/shared/_links.html.erb (0.4ms)
  Rendered /Users/Pavi/.rvm/gems/ruby-2.2.1/gems/devise-3.5.2/app/views/devise/registrations/new.html.erb within layouts/application (5.2ms)
Completed 200 OK in 49ms (Views: 48.3ms | ActiveRecord: 0.0ms)


Started GET "/users/sign_up" for ::1 at 2015-09-19 01:26:19 -0400
  [1m[36mActiveRecord::SchemaMigration Load (0.2ms)[0m  [1mSELECT "schema_migrations".* FROM "schema_migrations"[0m
Processing by Devise::RegistrationsController#new as HTML
  Rendered /Users/Pavi/.rvm/gems/ruby-2.2.1/gems/devise-3.5.2/app/views/devise/shared/_links.html.erb (1.2ms)
  Rendered /Users/Pavi/.rvm/gems/ruby-2.2.1/gems/devise-3.5.2/app/views/devise/registrations/new.html.erb within layouts/application (32.5ms)
Completed 200 OK in 319ms (Views: 284.2ms | ActiveRecord: 0.4ms)


Started POST "/users" for ::1 at 2015-09-19 01:26:38 -0400
Processing by Devise::RegistrationsController#create as HTML
  Parameters: {"utf8"=>"✓", "authenticity_token"=>"5FI/IAE1t4QODi0WEeZ3gQ1dmlxYOwK5gCmu1tYZlpVRjuMjJms5lAEFAy0qrTLEH45MKNF42jWuSd9XKtOFbQ==", "user"=>{"email"=>"cgjohn@umich.edu", "password"=>"[FILTERED]", "password_confirmation"=>"[FILTERED]"}, "commit"=>"Sign up"}
  [1m[35m (0.1ms)[0m  begin transaction
  [1m[36mUser Exists (0.5ms)[0m  [1mSELECT  1 AS one FROM "users" WHERE "users"."email" = 'cgjohn@umich.edu' LIMIT 1[0m
  [1m[35mSQL (1.6ms)[0m  INSERT INTO "users" ("email", "encrypted_password", "created_at", "updated_at") VALUES (?, ?, ?, ?)  [["email", "cgjohn@umich.edu"], ["encrypted_password", "$2a$10$0vXQ3OiUDpqUAZGD.ru.8uuFnUwwH5HtyDzk0cxGPXe0FXI9cZBcq"], ["created_at", "2015-09-19 05:26:38.502293"], ["updated_at", "2015-09-19 05:26:38.502293"]]
  [1m[36m (0.8ms)[0m  [1mcommit transaction[0m
  [1m[35m (0.1ms)[0m  begin transaction
  [1m[36mSQL (0.3ms)[0m  [1mUPDATE "users" SET "last_sign_in_at" = ?, "current_sign_in_at" = ?, "last_sign_in_ip" = ?, "current_sign_in_ip" = ?, "sign_in_count" = ?, "updated_at" = ? WHERE "users"."id" = ?[0m  [["last_sign_in_at", "2015-09-19 05:26:38.506467"], ["current_sign_in_at", "2015-09-19 05:26:38.506467"], ["last_sign_in_ip", "::1"], ["current_sign_in_ip", "::1"], ["sign_in_count", 1], ["updated_at", "2015-09-19 05:26:38.507052"], ["id", 1]]
  [1m[35m (0.6ms)[0m  commit transaction
Redirected to http://localhost:3000/
Completed 302 Found in 122ms (ActiveRecord: 4.0ms)


Started GET "/" for ::1 at 2015-09-19 01:26:38 -0400
Processing by WelcomeController#index as HTML
  [1m[36mUser Load (0.2ms)[0m  [1mSELECT  "users".* FROM "users" WHERE "users"."id" = ?  ORDER BY "users"."id" ASC LIMIT 1[0m  [["id", 1]]
  Rendered welcome/index.html.erb within layouts/application (0.3ms)
Completed 200 OK in 29ms (Views: 27.0ms | ActiveRecord: 0.2ms)


Started DELETE "/users/sign_out" for ::1 at 2015-09-19 01:26:49 -0400
Processing by Devise::SessionsController#destroy as HTML
  Parameters: {"authenticity_token"=>"iOV9aBV7G4SUW+s1z2BWGibkb8djGq5x2He59pl87x89OaFrMiWVlJtQxQ70KxNfNDe5s+pZdv32F8h3Zbb85w=="}
  [1m[35mUser Load (0.2ms)[0m  SELECT  "users".* FROM "users" WHERE "users"."id" = ?  ORDER BY "users"."id" ASC LIMIT 1  [["id", 1]]
  [1m[36m (0.2ms)[0m  [1mbegin transaction[0m
  [1m[35m (0.1ms)[0m  commit transaction
Redirected to http://localhost:3000/
Completed 302 Found in 8ms (ActiveRecord: 0.4ms)


Started GET "/" for ::1 at 2015-09-19 01:26:49 -0400
Processing by WelcomeController#index as HTML
Completed 401 Unauthorized in 1ms (ActiveRecord: 0.0ms)


Started GET "/users/sign_in" for ::1 at 2015-09-19 01:26:49 -0400
Processing by Devise::SessionsController#new as HTML
  Rendered /Users/Pavi/.rvm/gems/ruby-2.2.1/gems/devise-3.5.2/app/views/devise/shared/_links.html.erb (0.5ms)
  Rendered /Users/Pavi/.rvm/gems/ruby-2.2.1/gems/devise-3.5.2/app/views/devise/sessions/new.html.erb within layouts/application (8.1ms)
Completed 200 OK in 37ms (Views: 36.2ms | ActiveRecord: 0.0ms)


Started GET "/" for ::1 at 2015-09-19 01:26:54 -0400
Processing by WelcomeController#index as HTML
Completed 401 Unauthorized in 1ms (ActiveRecord: 0.0ms)


Started GET "/users/sign_in" for ::1 at 2015-09-19 01:26:54 -0400
Processing by Devise::SessionsController#new as HTML
  Rendered /Users/Pavi/.rvm/gems/ruby-2.2.1/gems/devise-3.5.2/app/views/devise/shared/_links.html.erb (0.5ms)
  Rendered /Users/Pavi/.rvm/gems/ruby-2.2.1/gems/devise-3.5.2/app/views/devise/sessions/new.html.erb within layouts/application (5.7ms)
Completed 200 OK in 68ms (Views: 67.6ms | ActiveRecord: 0.0ms)


Started POST "/users/sign_in" for ::1 at 2015-09-19 01:27:11 -0400
Processing by Devise::SessionsController#create as HTML
  Parameters: {"utf8"=>"✓", "authenticity_token"=>"KhzZFcrE0zyPCVyKwHBTc5K+zhOxSzSTTN/UBaVgXwAVOjjBobALH4mJGETJiurr6F+fWerv4+ssLadX5w6rxA==", "user"=>{"email"=>"cgjohn@umich.edu", "password"=>"[FILTERED]", "remember_me"=>"0"}, "commit"=>"Log in"}
  [1m[36mUser Load (0.2ms)[0m  [1mSELECT  "users".* FROM "users" WHERE "users"."email" = ?  ORDER BY "users"."id" ASC LIMIT 1[0m  [["email", "cgjohn@umich.edu"]]
  [1m[35m (0.1ms)[0m  begin transaction
  [1m[36mSQL (0.3ms)[0m  [1mUPDATE "users" SET "current_sign_in_at" = ?, "sign_in_count" = ?, "updated_at" = ? WHERE "users"."id" = ?[0m  [["current_sign_in_at", "2015-09-19 05:27:11.266199"], ["sign_in_count", 2], ["updated_at", "2015-09-19 05:27:11.266985"], ["id", 1]]
  [1m[35m (0.8ms)[0m  commit transaction
Redirected to http://localhost:3000/
Completed 302 Found in 87ms (ActiveRecord: 1.4ms)


Started GET "/" for ::1 at 2015-09-19 01:27:11 -0400
Processing by WelcomeController#index as HTML
  [1m[36mUser Load (0.1ms)[0m  [1mSELECT  "users".* FROM "users" WHERE "users"."id" = ?  ORDER BY "users"."id" ASC LIMIT 1[0m  [["id", 1]]
  Rendered welcome/index.html.erb within layouts/application (0.1ms)
Completed 200 OK in 32ms (Views: 30.4ms | ActiveRecord: 0.1ms)


Started GET "/" for ::1 at 2015-09-19 01:27:17 -0400
Processing by WelcomeController#index as HTML
  [1m[35mUser Load (0.2ms)[0m  SELECT  "users".* FROM "users" WHERE "users"."id" = ?  ORDER BY "users"."id" ASC LIMIT 1  [["id", 1]]
  Rendered welcome/index.html.erb within layouts/application (0.0ms)
Completed 200 OK in 49ms (Views: 47.3ms | ActiveRecord: 0.2ms)


Started GET "/users/edit" for ::1 at 2015-09-19 01:27:21 -0400
Processing by Devise::RegistrationsController#edit as HTML
  [1m[36mUser Load (0.1ms)[0m  [1mSELECT  "users".* FROM "users" WHERE "users"."id" = ?  ORDER BY "users"."id" ASC LIMIT 1[0m  [["id", 1]]
  Rendered /Users/Pavi/.rvm/gems/ruby-2.2.1/gems/devise-3.5.2/app/views/devise/registrations/edit.html.erb within layouts/application (4.8ms)
Completed 200 OK in 54ms (Views: 52.5ms | ActiveRecord: 0.1ms)
